manifest-merger-debug-report.txt
-- Merging decision tree log ---
manifest
ADDED from src\main\AndroidManifest.xml:2:1-75:12
INJECTED from src\main\AndroidManifest.xml:2:1-75:12
INJECTED from src\main\AndroidManifest.xml:2:1-75:12
INJECTED from src\main\AndroidManifest.xml:2:1-75:12
MERGED from [com.karumi:dexter:6.1.2] AndroidManifest.xml:17:1-32:12
MERGED from [com.google.android.material:material:1.2.0-alpha02] AndroidManifest.xml:17:1-24:12
MERGED from [androidx.constraintlayout:constraintlayout:2.0.2] AndroidManifest.xml:2:1-11:12
MERGED from [androidx.appcompat:appcompat:1.2.0] AndroidManifest.xml:17:1-24:12
MERGED from [com.firebaseui:firebase-ui-database:3.2.2] AndroidManifest.xml:2:1-13:12
MERGED from [androidx.legacy:legacy-support-v4:1.0.0] AndroidManifest.xml:17:1-22:12
MERGED from [androidx.legacy:legacy-support-core-ui:1.0.0] AndroidManifest.xml:17:1-22:12
MERGED from [androidx.drawerlayout:drawerlayout:1.1.1] AndroidManifest.xml:17:1-24:12
MERGED from [androidx.viewpager2:viewpager2:1.0.0] AndroidManifest.xml:17:1-24:12
MERGED from [androidx.recyclerview:recyclerview:1.1.0] AndroidManifest.xml:17:1-24:12
MERGED from [com.google.firebase:firebase-auth:21.1.0] AndroidManifest.xml:17:1-73:12
MERGED from [com.google.android.gms:play-services-maps:16.1.0] AndroidManifest.xml:17:1-38:12
MERGED from [com.google.android.gms:play-services-location:21.0.1] AndroidManifest.xml:2:1-9:12
MERGED from [com.google.android.gms:play-services-auth-api-phone:17.4.0] AndroidManifest.xml:2:1-7:12
MERGED from [com.google.android.gms:play-services-safetynet:17.0.0] AndroidManifest.xml:17:1-24:12
MERGED from [com.google.firebase:firebase-storage:20.1.0] AndroidManifest.xml:15:1-38:12
MERGED from [com.firebase:geofire-android:3.1.0] AndroidManifest.xml:2:1-13:12
MERGED from [com.google.firebase:firebase-database:17.0.0] AndroidManifest.xml:15:1-36:12
MERGED from [com.google.firebase:firebase-auth-interop:20.0.0] AndroidManifest.xml:2:1-10:12
MERGED from [com.google.firebase:firebase-appcheck-interop:16.1.0] AndroidManifest.xml:15:1-25:12
MERGED from [com.google.firebase:firebase-common:20.2.0] AndroidManifest.xml:15:1-39:12
MERGED from [com.google.android.gms:play-services-base:18.1.0] AndroidManifest.xml:16:1-24:12
MERGED from [com.google.android.gms:play-services-tasks:18.0.2] AndroidManifest.xml:2:1-6:12
MERGED from [com.google.android.gms:play-services-basement:18.1.0] AndroidManifest.xml:16:1-26:12
MERGED from [androidx.fragment:fragment:1.2.5] AndroidManifest.xml:17:1-24:12
MERGED from [com.squareup.picasso:picasso:2.71828] AndroidManifest.xml:2:1-14:12
MERGED from [androidx.cardview:cardview:1.0.0] AndroidManifest.xml:17:1-22:12
MERGED from [de.hdodenhof:circleimageview:3.1.0] AndroidManifest.xml:2:1-11:12
MERGED from [com.firebase:geofire-android-common:3.1.0] AndroidManifest.xml:2:1-11:12
MERGED from [androidx.cursoradapter:cursoradapter:1.0.0] AndroidManifest.xml:17:1-22:12
MERGED from [androidx.appcompat:appcompat-resources:1.2.0] AndroidManifest.xml:17:1-24:12
MERGED from [androidx.coordinatorlayout:coordinatorlayout:1.1.0-rc01] AndroidManifest.xml:17:1-24:12
MERGED from [androidx.viewpager:viewpager:1.0.0] AndroidManifest.xml:17:1-22:12
MERGED from [androidx.slidingpanelayout:slidingpanelayout:1.0.0] AndroidManifest.xml:17:1-22:12
MERGED from [androidx.customview:customview:1.1.0] AndroidManifest.xml:17:1-24:12
MERGED from [androidx.transition:transition:1.2.0] AndroidManifest.xml:17:1-24:12
MERGED from [androidx.vectordrawable:vectordrawable-animated:1.1.0] AndroidManifest.xml:17:1-24:12
MERGED from [androidx.vectordrawable:vectordrawable:1.1.0] AndroidManifest.xml:17:1-24:12
MERGED from [androidx.legacy:legacy-support-core-utils:1.0.0] AndroidManifest.xml:17:1-22:12
MERGED from [androidx.loader:loader:1.0.0] AndroidManifest.xml:17:1-22:12
MERGED from [androidx.activity:activity:1.1.0] AndroidManifest.xml:17:1-24:12
MERGED from [androidx.browser:browser:1.4.0] AndroidManifest.xml:17:1-24:12
MERGED from [androidx.media:media:1.0.0] AndroidManifest.xml:17:1-22:12
MERGED from [androidx.swiperefreshlayout:swiperefreshlayout:1.0.0] AndroidManifest.xml:17:1-22:12
MERGED from [androidx.asynclayoutinflater:asynclayoutinflater:1.0.0] AndroidManifest.xml:17:1-22:12
MERGED from [androidx.core:core:1.3.1] AndroidManifest.xml:17:1-26:12
MERGED from [androidx.versionedparcelable:versionedparcelable:1.1.0] AndroidManifest.xml:17:1-27:12
MERGED from [androidx.lifecycle:lifecycle-viewmodel-savedstate:2.2.0] AndroidManifest.xml:17:1-24:12
MERGED from [com.firebaseui:firebase-ui-common:3.2.2] AndroidManifest.xml:2:1-12:12
MERGED from [androidx.lifecycle:lifecycle-viewmodel:2.2.0] AndroidManifest.xml:17:1-24:12
MERGED from [androidx.localbroadcastmanager:localbroadcastmanager:1.0.0] AndroidManifest.xml:17:1-22:12
MERGED from [com.google.firebase:firebase-components:17.0.1] AndroidManifest.xml:15:1-23:12
MERGED from [androidx.exifinterface:exifinterface:1.0.0] AndroidManifest.xml:17:1-22:12
MERGED from [androidx.lifecycle:lifecycle-runtime:2.2.0] AndroidManifest.xml:17:1-24:12
MERGED from [androidx.savedstate:savedstate:1.0.0] AndroidManifest.xml:17:1-24:12
MERGED from [androidx.lifecycle:lifecycle-livedata:2.0.0] AndroidManifest.xml:17:1-22:12
MERGED from [androidx.lifecycle:lifecycle-livedata-core:2.2.0] AndroidManifest.xml:17:1-24:12
MERGED from [androidx.arch.core:core-runtime:2.1.0] AndroidManifest.xml:17:1-24:12
MERGED from [androidx.interpolator:interpolator:1.0.0] AndroidManifest.xml:17:1-22:12
MERGED from [androidx.documentfile:documentfile:1.0.0] AndroidManifest.xml:17:1-22:12
MERGED from [androidx.print:print:1.0.0] AndroidManifest.xml:17:1-22:12
MERGED from [com.google.firebase:firebase-database-collection:16.0.1] AndroidManifest.xml:2:1-7:12
INJECTED from src\main\AndroidManifest.xml:2:1-75:12
INJECTED from src\main\AndroidManifest.xml:2:1-75:12
INJECTED from src\main\AndroidManifest.xml:2:1-75:12
	package
		ADDED from src\main\AndroidManifest.xml:3:5-33
		INJECTED from src\main\AndroidManifest.xml
		INJECTED from src\main\AndroidManifest.xml
	android:versionName
		INJECTED from src\main\AndroidManifest.xml
		ADDED from src\main\AndroidManifest.xml:2:1-75:12
		INJECTED from src\main\AndroidManifest.xml
	android:versionCode
		INJECTED from src\main\AndroidManifest.xml
		ADDED from src\main\AndroidManifest.xml:2:1-75:12
		INJECTED from src\main\AndroidManifest.xml
	xmlns:android
		ADDED from src\main\AndroidManifest.xml:2:11-69
uses-permission#android.permission.ACCESS_FINE_LOCATION 
ADDED from src\main\AndroidManifest.xml:9:5-80
	android:name
		ADDED from src\main\AndroidManifest.xml:9:22-77
uses-permission#android.permission.INTERNET
ADDED from src\main\AndroidManifest.xml:10:5-67
MERGED from [com.firebaseui:firebase-ui-database:3.2.2] AndroidManifest.xml:11:5-67
MERGED from [com.firebaseui:firebase-ui-database:3.2.2] AndroidManifest.xml:11:5-67
MERGED from [com.google.firebase:firebase-auth:21.1.0] AndroidManifest.xml:23:5-67
MERGED from [com.google.firebase:firebase-auth:21.1.0] AndroidManifest.xml:23:5-67
MERGED from [com.google.android.gms:play-services-maps:16.1.0] AndroidManifest.xml:24:5-67
MERGED from [com.google.android.gms:play-services-maps:16.1.0] AndroidManifest.xml:24:5-67
MERGED from [com.google.firebase:firebase-storage:20.1.0] AndroidManifest.xml:26:5-67
MERGED from [com.google.firebase:firebase-storage:20.1.0] AndroidManifest.xml:26:5-67
MERGED from [com.firebase:geofire-android:3.1.0] AndroidManifest.xml:11:5-67
MERGED from [com.firebase:geofire-android:3.1.0] AndroidManifest.xml:11:5-67
MERGED from [com.google.firebase:firebase-database:17.0.0] AndroidManifest.xml:26:5-67
MERGED from [com.google.firebase:firebase-database:17.0.0] AndroidManifest.xml:26:5-67
	android:name
		ADDED from src\main\AndroidManifest.xml:10:22-64
application
ADDED from src\main\AndroidManifest.xml:12:5-73:19
MERGED from [com.karumi:dexter:6.1.2] AndroidManifest.xml:26:5-30:19
MERGED from [com.karumi:dexter:6.1.2] AndroidManifest.xml:26:5-30:19
MERGED from [com.google.android.material:material:1.2.0-alpha02] AndroidManifest.xml:22:5-20
MERGED from [com.google.android.material:material:1.2.0-alpha02] AndroidManifest.xml:22:5-20
MERGED from [androidx.constraintlayout:constraintlayout:2.0.2] AndroidManifest.xml:9:5-20
MERGED from [androidx.constraintlayout:constraintlayout:2.0.2] AndroidManifest.xml:9:5-20
MERGED from [com.google.firebase:firebase-auth:21.1.0] AndroidManifest.xml:26:5-71:19
MERGED from [com.google.firebase:firebase-auth:21.1.0] AndroidManifest.xml:26:5-71:19
MERGED from [com.google.android.gms:play-services-maps:16.1.0] AndroidManifest.xml:30:5-36:19
MERGED from [com.google.android.gms:play-services-maps:16.1.0] AndroidManifest.xml:30:5-36:19
MERGED from [com.google.android.gms:play-services-location:21.0.1] AndroidManifest.xml:7:5-20
MERGED from [com.google.android.gms:play-services-location:21.0.1] AndroidManifest.xml:7:5-20
MERGED from [com.google.android.gms:play-services-safetynet:17.0.0] AndroidManifest.xml:22:5-20
MERGED from [com.google.android.gms:play-services-safetynet:17.0.0] AndroidManifest.xml:22:5-20
MERGED from [com.google.firebase:firebase-storage:20.1.0] AndroidManifest.xml:28:5-36:19
MERGED from [com.google.firebase:firebase-storage:20.1.0] AndroidManifest.xml:28:5-36:19
MERGED from [com.google.firebase:firebase-database:17.0.0] AndroidManifest.xml:28:5-34:19
MERGED from [com.google.firebase:firebase-database:17.0.0] AndroidManifest.xml:28:5-34:19
MERGED from [com.google.firebase:firebase-auth-interop:20.0.0] AndroidManifest.xml:7:5-8:19
MERGED from [com.google.firebase:firebase-auth-interop:20.0.0] AndroidManifest.xml:7:5-8:19
MERGED from [com.google.firebase:firebase-appcheck-interop:16.1.0] AndroidManifest.xml:23:5-20
MERGED from [com.google.firebase:firebase-appcheck-interop:16.1.0] AndroidManifest.xml:23:5-20
MERGED from [com.google.firebase:firebase-common:20.2.0] AndroidManifest.xml:24:5-37:19
MERGED from [com.google.firebase:firebase-common:20.2.0] AndroidManifest.xml:24:5-37:19
MERGED from [com.google.android.gms:play-services-base:18.1.0] AndroidManifest.xml:19:5-23:19
MERGED from [com.google.android.gms:play-services-base:18.1.0] AndroidManifest.xml:19:5-23:19
MERGED from [com.google.android.gms:play-services-tasks:18.0.2] AndroidManifest.xml:5:5-20
MERGED from [com.google.android.gms:play-services-tasks:18.0.2] AndroidManifest.xml:5:5-20
MERGED from [com.google.android.gms:play-services-basement:18.1.0] AndroidManifest.xml:20:5-24:19
MERGED from [com.google.android.gms:play-services-basement:18.1.0] AndroidManifest.xml:20:5-24:19
MERGED from [com.squareup.picasso:picasso:2.71828] AndroidManifest.xml:7:5-12:19
MERGED from [com.squareup.picasso:picasso:2.71828] AndroidManifest.xml:7:5-12:19
MERGED from [de.hdodenhof:circleimageview:3.1.0] AndroidManifest.xml:9:5-20
MERGED from [de.hdodenhof:circleimageview:3.1.0] AndroidManifest.xml:9:5-20
MERGED from [androidx.core:core:1.3.1] AndroidManifest.xml:24:5-89
MERGED from [androidx.core:core:1.3.1] AndroidManifest.xml:24:5-89
MERGED from [androidx.versionedparcelable:versionedparcelable:1.1.0] AndroidManifest.xml:24:5-25:19
MERGED from [androidx.versionedparcelable:versionedparcelable:1.1.0] AndroidManifest.xml:24:5-25:19
	android:appComponentFactory
		ADDED from [androidx.core:core:1.3.1] AndroidManifest.xml:24:18-86
	android:supportsRtl
		ADDED from src\main\AndroidManifest.xml:17:9-35
	android:label
		ADDED from src\main\AndroidManifest.xml:15:9-41
	android:roundIcon
		ADDED from src\main\AndroidManifest.xml:16:9-54
	android:icon
		ADDED from src\main\AndroidManifest.xml:14:9-43
	android:allowBackup
		ADDED from src\main\AndroidManifest.xml:13:9-35
	android:theme
		ADDED from src\main\AndroidManifest.xml:18:9-40
activity#com.example.evelyn.UpdateFragment
ADDED from src\main\AndroidManifest.xml:19:9-25:20
	android:exported
		ADDED from src\main\AndroidManifest.xml:21:13-37
	android:name
		ADDED from src\main\AndroidManifest.xml:20:13-43
meta-data#android.app.lib_name
ADDED from src\main\AndroidManifest.xml:22:13-24:36
	android:value
		ADDED from src\main\AndroidManifest.xml:24:17-33
	android:name
		ADDED from src\main\AndroidManifest.xml:23:17-52
activity#com.example.evelyn.MyChatFragment
ADDED from src\main\AndroidManifest.xml:26:9-32:20
	android:exported
		ADDED from src\main\AndroidManifest.xml:28:13-37
	android:name
		ADDED from src\main\AndroidManifest.xml:27:13-43
activity#com.example.evelyn.MyProfileFragment
ADDED from src\main\AndroidManifest.xml:33:9-39:20
	android:exported
		ADDED from src\main\AndroidManifest.xml:35:13-37
	android:name
		ADDED from src\main\AndroidManifest.xml:34:13-46
activity#com.example.evelyn.HistoryActivity
ADDED from src\main\AndroidManifest.xml:40:9-53
	android:name
		ADDED from src\main\AndroidManifest.xml:40:19-50
activity#com.example.evelyn.AboutActivity
ADDED from src\main\AndroidManifest.xml:41:9-51
	android:name
		ADDED from src\main\AndroidManifest.xml:41:19-48
activity#com.example.evelyn.ProfileChatActivity
ADDED from src\main\AndroidManifest.xml:42:9-57
	android:name
		ADDED from src\main\AndroidManifest.xml:42:19-54
activity#com.example.evelyn.FirstActivity
ADDED from src\main\AndroidManifest.xml:43:9-51
	android:name
		ADDED from src\main\AndroidManifest.xml:43:19-48
activity#com.example.evelyn.Organization
ADDED from src\main\AndroidManifest.xml:44:9-50
	android:name
		ADDED from src\main\AndroidManifest.xml:44:19-47
meta-data#com.google.android.geo.API_KEY
ADDED from src\main\AndroidManifest.xml:53:9-55:55
	android:value
		ADDED from src\main\AndroidManifest.xml:55:13-52
	android:name
		ADDED from src\main\AndroidManifest.xml:54:13-58
activity#com.example.evelyn.ChatActivity
ADDED from src\main\AndroidManifest.xml:57:9-59:65
	android:parentActivityName
		ADDED from src\main\AndroidManifest.xml:59:13-62
	android:name
		ADDED from src\main\AndroidManifest.xml:58:13-41
activity#com.example.evelyn.MessageActivity
ADDED from src\main\AndroidManifest.xml:60:9-53
	android:name
		ADDED from src\main\AndroidManifest.xml:60:19-50
activity#com.example.evelyn.AccountActivity
ADDED from src\main\AndroidManifest.xml:61:9-53
	android:name
		ADDED from src\main\AndroidManifest.xml:61:19-50
activity#com.example.evelyn.SettingsActivity
ADDED from src\main\AndroidManifest.xml:62:9-54
	android:name
		ADDED from src\main\AndroidManifest.xml:62:19-51
activity#com.example.evelyn.SearchActivity
ADDED from src\main\AndroidManifest.xml:63:9-52
	android:name
		ADDED from src\main\AndroidManifest.xml:63:19-49
activity#com.example.evelyn.MainActivity
ADDED from src\main\AndroidManifest.xml:64:9-72:20
	android:exported
		ADDED from src\main\AndroidManifest.xml:66:13-36
	android:name
		ADDED from src\main\AndroidManifest.xml:65:13-41
intent-filter#action:name:android.intent.action.MAIN+category:name:android.intent.category.LAUNCHER
ADDED from src\main\AndroidManifest.xml:67:13-71:29
action#android.intent.action.MAIN
ADDED from src\main\AndroidManifest.xml:68:17-69
	android:name
		ADDED from src\main\AndroidManifest.xml:68:25-66
category#android.intent.category.LAUNCHER
ADDED from src\main\AndroidManifest.xml:70:17-77
	android:name
		ADDED from src\main\AndroidManifest.xml:70:27-74
uses-sdk
INJECTED from src\main\AndroidManifest.xml reason: use-sdk injection requested
INJECTED from src\main\AndroidManifest.xml
INJECTED from src\main\AndroidManifest.xml
MERGED from [com.karumi:dexter:6.1.2] AndroidManifest.xml:22:5-24:41
MERGED from [com.karumi:dexter:6.1.2] AndroidManifest.xml:22:5-24:41
MERGED from [com.google.android.material:material:1.2.0-alpha02] AndroidManifest.xml:20:5-44
MERGED from [com.google.android.material:material:1.2.0-alpha02] AndroidManifest.xml:20:5-44
MERGED from [androidx.constraintlayout:constraintlayout:2.0.2] AndroidManifest.xml:5:5-7:41
MERGED from [androidx.constraintlayout:constraintlayout:2.0.2] AndroidManifest.xml:5:5-7:41
MERGED from [androidx.appcompat:appcompat:1.2.0] AndroidManifest.xml:20:5-22:41
MERGED from [androidx.appcompat:appcompat:1.2.0] AndroidManifest.xml:20:5-22:41
MERGED from [com.firebaseui:firebase-ui-database:3.2.2] AndroidManifest.xml:7:5-9:41
MERGED from [com.firebaseui:firebase-ui-database:3.2.2] AndroidManifest.xml:7:5-9:41
MERGED from [androidx.legacy:legacy-support-v4:1.0.0] AndroidManifest.xml:20:5-44
MERGED from [androidx.legacy:legacy-support-v4:1.0.0] AndroidManifest.xml:20:5-44
MERGED from [androidx.legacy:legacy-support-core-ui:1.0.0] AndroidManifest.xml:20:5-44
MERGED from [androidx.legacy:legacy-support-core-ui:1.0.0] AndroidManifest.xml:20:5-44
MERGED from [androidx.drawerlayout:drawerlayout:1.1.1] AndroidManifest.xml:20:5-22:41
MERGED from [androidx.drawerlayout:drawerlayout:1.1.1] AndroidManifest.xml:20:5-22:41
MERGED from [androidx.viewpager2:viewpager2:1.0.0] AndroidManifest.xml:20:5-22:41
MERGED from [androidx.viewpager2:viewpager2:1.0.0] AndroidManifest.xml:20:5-22:41
MERGED from [androidx.recyclerview:recyclerview:1.1.0] AndroidManifest.xml:20:5-22:41
MERGED from [androidx.recyclerview:recyclerview:1.1.0] AndroidManifest.xml:20:5-22:41
MERGED from [com.google.firebase:firebase-auth:21.1.0] AndroidManifest.xml:21:5-44
MERGED from [com.google.firebase:firebase-auth:21.1.0] AndroidManifest.xml:21:5-44
MERGED from [com.google.android.gms:play-services-maps:16.1.0] AndroidManifest.xml:20:5-44
MERGED from [com.google.android.gms:play-services-maps:16.1.0] AndroidManifest.xml:20:5-44
MERGED from [com.google.android.gms:play-services-location:21.0.1] AndroidManifest.xml:5:5-44
MERGED from [com.google.android.gms:play-services-location:21.0.1] AndroidManifest.xml:5:5-44
MERGED from [com.google.android.gms:play-services-auth-api-phone:17.4.0] AndroidManifest.xml:5:5-44
MERGED from [com.google.android.gms:play-services-auth-api-phone:17.4.0] AndroidManifest.xml:5:5-44
MERGED from [com.google.android.gms:play-services-safetynet:17.0.0] AndroidManifest.xml:20:5-44
MERGED from [com.google.android.gms:play-services-safetynet:17.0.0] AndroidManifest.xml:20:5-44
MERGED from [com.google.firebase:firebase-storage:20.1.0] AndroidManifest.xml:19:5-21:41
MERGED from [com.google.firebase:firebase-storage:20.1.0] AndroidManifest.xml:19:5-21:41
MERGED from [com.firebase:geofire-android:3.1.0] AndroidManifest.xml:7:5-9:41
MERGED from [com.firebase:geofire-android:3.1.0] AndroidManifest.xml:7:5-9:41
MERGED from [com.google.firebase:firebase-database:17.0.0] AndroidManifest.xml:19:5-21:41
MERGED from [com.google.firebase:firebase-database:17.0.0] AndroidManifest.xml:19:5-21:41
MERGED from [com.google.firebase:firebase-auth-interop:20.0.0] AndroidManifest.xml:5:5-44
MERGED from [com.google.firebase:firebase-auth-interop:20.0.0] AndroidManifest.xml:5:5-44
MERGED from [com.google.firebase:firebase-appcheck-interop:16.1.0] AndroidManifest.xml:18:5-20:41
MERGED from [com.google.firebase:firebase-appcheck-interop:16.1.0] AndroidManifest.xml:18:5-20:41
MERGED from [com.google.firebase:firebase-common:20.2.0] AndroidManifest.xml:19:5-21:41
MERGED from [com.google.firebase:firebase-common:20.2.0] AndroidManifest.xml:19:5-21:41
MERGED from [com.google.android.gms:play-services-base:18.1.0] AndroidManifest.xml:18:5-43
MERGED from [com.google.android.gms:play-services-base:18.1.0] AndroidManifest.xml:18:5-43
MERGED from [com.google.android.gms:play-services-tasks:18.0.2] AndroidManifest.xml:4:5-43
MERGED from [com.google.android.gms:play-services-tasks:18.0.2] AndroidManifest.xml:4:5-43
MERGED from [com.google.android.gms:play-services-basement:18.1.0] AndroidManifest.xml:18:5-43
MERGED from [com.google.android.gms:play-services-basement:18.1.0] AndroidManifest.xml:18:5-43
MERGED from [androidx.fragment:fragment:1.2.5] AndroidManifest.xml:20:5-22:41
MERGED from [androidx.fragment:fragment:1.2.5] AndroidManifest.xml:20:5-22:41
MERGED from [com.squareup.picasso:picasso:2.71828] AndroidManifest.xml:5:5-44
MERGED from [com.squareup.picasso:picasso:2.71828] AndroidManifest.xml:5:5-44
MERGED from [androidx.cardview:cardview:1.0.0] AndroidManifest.xml:20:5-44
MERGED from [androidx.cardview:cardview:1.0.0] AndroidManifest.xml:20:5-44
MERGED from [de.hdodenhof:circleimageview:3.1.0] AndroidManifest.xml:5:5-7:41
MERGED from [de.hdodenhof:circleimageview:3.1.0] AndroidManifest.xml:5:5-7:41
MERGED from [com.firebase:geofire-android-common:3.1.0] AndroidManifest.xml:7:5-9:41
MERGED from [com.firebase:geofire-android-common:3.1.0] AndroidManifest.xml:7:5-9:41
MERGED from [androidx.cursoradapter:cursoradapter:1.0.0] AndroidManifest.xml:20:5-44
MERGED from [androidx.cursoradapter:cursoradapter:1.0.0] AndroidManifest.xml:20:5-44
MERGED from [androidx.appcompat:appcompat-resources:1.2.0] AndroidManifest.xml:20:5-22:41
MERGED from [androidx.appcompat:appcompat-resources:1.2.0] AndroidManifest.xml:20:5-22:41
MERGED from [androidx.coordinatorlayout:coordinatorlayout:1.1.0-rc01] AndroidManifest.xml:20:5-22:41
MERGED from [androidx.coordinatorlayout:coordinatorlayout:1.1.0-rc01] AndroidManifest.xml:20:5-22:41
MERGED from [androidx.viewpager:viewpager:1.0.0] AndroidManifest.xml:20:5-44
MERGED from [androidx.viewpager:viewpager:1.0.0] AndroidManifest.xml:20:5-44
MERGED from [androidx.slidingpanelayout:slidingpanelayout:1.0.0] AndroidManifest.xml:20:5-44
MERGED from [androidx.slidingpanelayout:slidingpanelayout:1.0.0] AndroidManifest.xml:20:5-44
MERGED from [androidx.customview:customview:1.1.0] AndroidManifest.xml:20:5-22:41
MERGED from [androidx.customview:customview:1.1.0] AndroidManifest.xml:20:5-22:41
MERGED from [androidx.transition:transition:1.2.0] AndroidManifest.xml:20:5-22:41
MERGED from [androidx.transition:transition:1.2.0] AndroidManifest.xml:20:5-22:41
MERGED from [androidx.vectordrawable:vectordrawable-animated:1.1.0] AndroidManifest.xml:20:5-22:41
MERGED from [androidx.vectordrawable:vectordrawable-animated:1.1.0] AndroidManifest.xml:20:5-22:41
MERGED from [androidx.vectordrawable:vectordrawable:1.1.0] AndroidManifest.xml:20:5-22:41
MERGED from [androidx.vectordrawable:vectordrawable:1.1.0] AndroidManifest.xml:20:5-22:41
MERGED from [androidx.legacy:legacy-support-core-utils:1.0.0] AndroidManifest.xml:20:5-44
MERGED from [androidx.legacy:legacy-support-core-utils:1.0.0] AndroidManifest.xml:20:5-44
MERGED from [androidx.loader:loader:1.0.0] AndroidManifest.xml:20:5-44
MERGED from [androidx.loader:loader:1.0.0] AndroidManifest.xml:20:5-44
MERGED from [androidx.activity:activity:1.1.0] AndroidManifest.xml:20:5-22:41
MERGED from [androidx.activity:activity:1.1.0] AndroidManifest.xml:20:5-22:41
MERGED from [androidx.browser:browser:1.4.0] AndroidManifest.xml:20:5-22:41
MERGED from [androidx.browser:browser:1.4.0] AndroidManifest.xml:20:5-22:41
MERGED from [androidx.media:media:1.0.0] AndroidManifest.xml:20:5-44
MERGED from [androidx.media:media:1.0.0] AndroidManifest.xml:20:5-44
MERGED from [androidx.swiperefreshlayout:swiperefreshlayout:1.0.0] AndroidManifest.xml:20:5-44
MERGED from [androidx.swiperefreshlayout:swiperefreshlayout:1.0.0] AndroidManifest.xml:20:5-44
MERGED from [androidx.asynclayoutinflater:asynclayoutinflater:1.0.0] AndroidManifest.xml:20:5-44
MERGED from [androidx.asynclayoutinflater:asynclayoutinflater:1.0.0] AndroidManifest.xml:20:5-44
MERGED from [androidx.core:core:1.3.1] AndroidManifest.xml:20:5-22:41
MERGED from [androidx.core:core:1.3.1] AndroidManifest.xml:20:5-22:41
MERGED from [androidx.versionedparcelable:versionedparcelable:1.1.0] AndroidManifest.xml:20:5-22:41
MERGED from [androidx.versionedparcelable:versionedparcelable:1.1.0] AndroidManifest.xml:20:5-22:41
MERGED from [androidx.lifecycle:lifecycle-viewmodel-savedstate:2.2.0] AndroidManifest.xml:20:5-22:41
MERGED from [androidx.lifecycle:lifecycle-viewmodel-savedstate:2.2.0] AndroidManifest.xml:20:5-22:41
MERGED from [com.firebaseui:firebase-ui-common:3.2.2] AndroidManifest.xml:8:5-10:41
MERGED from [com.firebaseui:firebase-ui-common:3.2.2] AndroidManifest.xml:8:5-10:41
MERGED from [androidx.lifecycle:lifecycle-viewmodel:2.2.0] AndroidManifest.xml:20:5-22:41
MERGED from [androidx.lifecycle:lifecycle-viewmodel:2.2.0] AndroidManifest.xml:20:5-22:41
MERGED from [androidx.localbroadcastmanager:localbroadcastmanager:1.0.0] AndroidManifest.xml:20:5-44
MERGED from [androidx.localbroadcastmanager:localbroadcastmanager:1.0.0] AndroidManifest.xml:20:5-44
MERGED from [com.google.firebase:firebase-components:17.0.1] AndroidManifest.xml:19:5-21:41
MERGED from [com.google.firebase:firebase-components:17.0.1] AndroidManifest.xml:19:5-21:41
MERGED from [androidx.exifinterface:exifinterface:1.0.0] AndroidManifest.xml:20:5-44
MERGED from [androidx.exifinterface:exifinterface:1.0.0] AndroidManifest.xml:20:5-44
MERGED from [androidx.lifecycle:lifecycle-runtime:2.2.0] AndroidManifest.xml:20:5-22:41
MERGED from [androidx.lifecycle:lifecycle-runtime:2.2.0] AndroidManifest.xml:20:5-22:41
MERGED from [androidx.savedstate:savedstate:1.0.0] AndroidManifest.xml:20:5-22:41
MERGED from [androidx.savedstate:savedstate:1.0.0] AndroidManifest.xml:20:5-22:41
MERGED from [androidx.lifecycle:lifecycle-livedata:2.0.0] AndroidManifest.xml:20:5-44
MERGED from [androidx.lifecycle:lifecycle-livedata:2.0.0] AndroidManifest.xml:20:5-44
MERGED from [androidx.lifecycle:lifecycle-livedata-core:2.2.0] AndroidManifest.xml:20:5-22:41
MERGED from [androidx.lifecycle:lifecycle-livedata-core:2.2.0] AndroidManifest.xml:20:5-22:41
MERGED from [androidx.arch.core:core-runtime:2.1.0] AndroidManifest.xml:20:5-22:41
MERGED from [androidx.arch.core:core-runtime:2.1.0] AndroidManifest.xml:20:5-22:41
MERGED from [androidx.interpolator:interpolator:1.0.0] AndroidManifest.xml:20:5-44
MERGED from [androidx.interpolator:interpolator:1.0.0] AndroidManifest.xml:20:5-44
MERGED from [androidx.documentfile:documentfile:1.0.0] AndroidManifest.xml:20:5-44
MERGED from [androidx.documentfile:documentfile:1.0.0] AndroidManifest.xml:20:5-44
MERGED from [androidx.print:print:1.0.0] AndroidManifest.xml:20:5-44
MERGED from [androidx.print:print:1.0.0] AndroidManifest.xml:20:5-44
MERGED from [com.google.firebase:firebase-database-collection:16.0.1] AndroidManifest.xml:5:5-44
MERGED from [com.google.firebase:firebase-database-collection:16.0.1] AndroidManifest.xml:5:5-44
INJECTED from src\main\AndroidManifest.xml
INJECTED from src\main\AndroidManifest.xml
	android:targetSdkVersion
		INJECTED from src\main\AndroidManifest.xml
		ADDED from src\main\AndroidManifest.xml
		INJECTED from src\main\AndroidManifest.xml
	android:minSdkVersion
		INJECTED from src\main\AndroidManifest.xml
		ADDED from src\main\AndroidManifest.xml
		INJECTED from src\main\AndroidManifest.xml
activity#com.karumi.dexter.DexterActivity
ADDED from [com.karumi:dexter:6.1.2] AndroidManifest.xml:27:9-29:72
	android:theme
		ADDED from [com.karumi:dexter:6.1.2] AndroidManifest.xml:29:13-69
	android:name
		ADDED from [com.karumi:dexter:6.1.2] AndroidManifest.xml:28:13-60
uses-permission#android.permission.ACCESS_NETWORK_STATE
ADDED from [com.google.firebase:firebase-auth:21.1.0] AndroidManifest.xml:24:5-79
MERGED from [com.google.android.gms:play-services-maps:16.1.0] AndroidManifest.xml:23:5-79
MERGED from [com.google.android.gms:play-services-maps:16.1.0] AndroidManifest.xml:23:5-79
MERGED from [com.google.firebase:firebase-storage:20.1.0] AndroidManifest.xml:25:5-79
MERGED from [com.google.firebase:firebase-storage:20.1.0] AndroidManifest.xml:25:5-79
MERGED from [com.google.firebase:firebase-database:17.0.0] AndroidManifest.xml:25:5-79
MERGED from [com.google.firebase:firebase-database:17.0.0] AndroidManifest.xml:25:5-79
	android:name
		ADDED from [com.google.firebase:firebase-auth:21.1.0] AndroidManifest.xml:24:22-76
activity#com.google.firebase.auth.internal.GenericIdpActivity
ADDED from [com.google.firebase:firebase-auth:21.1.0] AndroidManifest.xml:27:9-44:20
	android:excludeFromRecents
		ADDED from [com.google.firebase:firebase-auth:21.1.0] AndroidManifest.xml:29:13-46
	android:launchMode
		ADDED from [com.google.firebase:firebase-auth:21.1.0] AndroidManifest.xml:31:13-44
	android:exported
		ADDED from [com.google.firebase:firebase-auth:21.1.0] AndroidManifest.xml:30:13-36
	android:theme
		ADDED from [com.google.firebase:firebase-auth:21.1.0] AndroidManifest.xml:32:13-72
	android:name
		ADDED from [com.google.firebase:firebase-auth:21.1.0] AndroidManifest.xml:28:13-80
intent-filter#action:name:android.intent.action.VIEW+category:name:android.intent.category.BROWSABLE+category:name:android.intent.category.DEFAULT+data:host:firebase.auth+data:path:/+data:scheme:genericidp
ADDED from [com.google.firebase:firebase-auth:21.1.0] AndroidManifest.xml:33:13-43:29
action#android.intent.action.VIEW
ADDED from [com.google.firebase:firebase-auth:21.1.0] AndroidManifest.xml:34:17-69
	android:name
		ADDED from [com.google.firebase:firebase-auth:21.1.0] AndroidManifest.xml:34:25-66
category#android.intent.category.DEFAULT
ADDED from [com.google.firebase:firebase-auth:21.1.0] AndroidManifest.xml:36:17-76
	android:name
		ADDED from [com.google.firebase:firebase-auth:21.1.0] AndroidManifest.xml:36:27-73
category#android.intent.category.BROWSABLE
ADDED from [com.google.firebase:firebase-auth:21.1.0] AndroidManifest.xml:37:17-78
	android:name
		ADDED from [com.google.firebase:firebase-auth:21.1.0] AndroidManifest.xml:37:27-75
data
ADDED from [com.google.firebase:firebase-auth:21.1.0] AndroidManifest.xml:39:17-42:51
	android:path
		ADDED from [com.google.firebase:firebase-auth:21.1.0] AndroidManifest.xml:41:21-37
	android:host
		ADDED from [com.google.firebase:firebase-auth:21.1.0] AndroidManifest.xml:40:21-49
	android:scheme
		ADDED from [com.google.firebase:firebase-auth:21.1.0] AndroidManifest.xml:42:21-48
activity#com.google.firebase.auth.internal.RecaptchaActivity
ADDED from [com.google.firebase:firebase-auth:21.1.0] AndroidManifest.xml:45:9-62:20
	android:excludeFromRecents
		ADDED from [com.google.firebase:firebase-auth:21.1.0] AndroidManifest.xml:47:13-46
	android:launchMode
		ADDED from [com.google.firebase:firebase-auth:21.1.0] AndroidManifest.xml:49:13-44
	android:exported
		ADDED from [com.google.firebase:firebase-auth:21.1.0] AndroidManifest.xml:48:13-36
	android:theme